warning: ignoring unsupported tag `ALLOW_UNICODE_NAMES    =' at line 13, file ../../doxyfile.txt
warning: ignoring unsupported tag `TOC_INCLUDE_HEADINGS   =' at line 48, file ../../doxyfile.txt
warning: ignoring unsupported tag `GROUP_NESTED_COMPOUNDS =' at line 55, file ../../doxyfile.txt
warning: ignoring unsupported tag `HIDE_COMPOUND_REFERENCE=' at line 78, file ../../doxyfile.txt
warning: ignoring unsupported tag `SHOW_GROUPED_MEMB_INC  =' at line 80, file ../../doxyfile.txt
warning: ignoring unsupported tag `WARN_AS_ERROR          =' at line 109, file ../../doxyfile.txt
warning: ignoring unsupported tag `SOURCE_TOOLTIPS        =' at line 186, file ../../doxyfile.txt
warning: ignoring unsupported tag `CLANG_ASSISTED_PARSING =' at line 189, file ../../doxyfile.txt
warning: ignoring unsupported tag `CLANG_OPTIONS          =' at line 190, file ../../doxyfile.txt
warning: ignoring unsupported tag `MATHJAX_CODEFILE       =' at line 247, file ../../doxyfile.txt
warning: ignoring unsupported tag `LATEX_EXTRA_STYLESHEET =' at line 267, file ../../doxyfile.txt
warning: ignoring unsupported tag `LATEX_EXTRA_FILES      =' at line 268, file ../../doxyfile.txt
warning: ignoring unsupported tag `LATEX_TIMESTAMP        =' at line 275, file ../../doxyfile.txt
warning: ignoring unsupported tag `RTF_SOURCE_CODE        =' at line 285, file ../../doxyfile.txt
warning: ignoring unsupported tag `MAN_SUBDIR             =' at line 292, file ../../doxyfile.txt
warning: ignoring unsupported tag `GENERATE_DOCBOOK       =' at line 303, file ../../doxyfile.txt
warning: ignoring unsupported tag `DOCBOOK_OUTPUT         =' at line 304, file ../../doxyfile.txt
warning: ignoring unsupported tag `DOCBOOK_PROGRAMLISTING =' at line 305, file ../../doxyfile.txt
warning: ignoring unsupported tag `EXTERNAL_PAGES         =' at line 336, file ../../doxyfile.txt
warning: ignoring unsupported tag `DIA_PATH               =' at line 343, file ../../doxyfile.txt
warning: ignoring unsupported tag `DIAFILE_DIRS           =' at line 367, file ../../doxyfile.txt
warning: ignoring unsupported tag `PLANTUML_JAR_PATH      =' at line 368, file ../../doxyfile.txt
warning: ignoring unsupported tag `PLANTUML_CFG_FILE      =' at line 369, file ../../doxyfile.txt
warning: ignoring unsupported tag `PLANTUML_INCLUDE_PATH  =' at line 370, file ../../doxyfile.txt
/home/travis/build/algdat/blatt-2-sudoku07-1/src/main.cpp:18: warning: the name `Main.cpp' supplied as the second argument in the \file statement is not an input file
/home/travis/build/algdat/blatt-2-sudoku07-1/include/util.h:5: warning: the name `Util.h' supplied as the second argument in the \file statement is not an input file
Searching for include files...
Searching for example files...
Searching for images...
Searching for dot files...
Searching for msc files...
Searching for files to exclude
Searching for files to process...
Searching for files in directory /home/travis/build/algdat/blatt-2-sudoku07-1/src
Searching for files in directory /home/travis/build/algdat/blatt-2-sudoku07-1/include
Reading and parsing tag files
Preprocessing /home/travis/build/algdat/blatt-2-sudoku07-1/src/board-initializer.cpp...
Parsing file /home/travis/build/algdat/blatt-2-sudoku07-1/src/board-initializer.cpp...
Preprocessing /home/travis/build/algdat/blatt-2-sudoku07-1/src/gameboard.cpp...
Parsing file /home/travis/build/algdat/blatt-2-sudoku07-1/src/gameboard.cpp...
Preprocessing /home/travis/build/algdat/blatt-2-sudoku07-1/src/generator.cpp...
Parsing file /home/travis/build/algdat/blatt-2-sudoku07-1/src/generator.cpp...
Preprocessing /home/travis/build/algdat/blatt-2-sudoku07-1/src/main.cpp...
Parsing file /home/travis/build/algdat/blatt-2-sudoku07-1/src/main.cpp...
Preprocessing /home/travis/build/algdat/blatt-2-sudoku07-1/src/move.cpp...
Parsing file /home/travis/build/algdat/blatt-2-sudoku07-1/src/move.cpp...
Preprocessing /home/travis/build/algdat/blatt-2-sudoku07-1/src/solver.cpp...
Parsing file /home/travis/build/algdat/blatt-2-sudoku07-1/src/solver.cpp...
Preprocessing /home/travis/build/algdat/blatt-2-sudoku07-1/src/util.cpp...
Parsing file /home/travis/build/algdat/blatt-2-sudoku07-1/src/util.cpp...
Preprocessing /home/travis/build/algdat/blatt-2-sudoku07-1/include/board-initializer.h...
Parsing file /home/travis/build/algdat/blatt-2-sudoku07-1/include/board-initializer.h...
Preprocessing /home/travis/build/algdat/blatt-2-sudoku07-1/include/gameboard.h...
Parsing file /home/travis/build/algdat/blatt-2-sudoku07-1/include/gameboard.h...
Preprocessing /home/travis/build/algdat/blatt-2-sudoku07-1/include/generator.h...
Parsing file /home/travis/build/algdat/blatt-2-sudoku07-1/include/generator.h...
Preprocessing /home/travis/build/algdat/blatt-2-sudoku07-1/include/move.h...
Parsing file /home/travis/build/algdat/blatt-2-sudoku07-1/include/move.h...
Preprocessing /home/travis/build/algdat/blatt-2-sudoku07-1/include/solver.h...
Parsing file /home/travis/build/algdat/blatt-2-sudoku07-1/include/solver.h...
Preprocessing /home/travis/build/algdat/blatt-2-sudoku07-1/include/util.h...
Parsing file /home/travis/build/algdat/blatt-2-sudoku07-1/include/util.h...
Building group list...
Building directory list...
Building namespace list...
Building file list...
Building class list...
Associating documentation with classes...
Computing nesting relations for classes...
Building example list...
Searching for enumerations...
Searching for documented typedefs...
Searching for members imported via using declarations...
Searching for included using directives...
Searching for documented variables...
Building member list...
Searching for friends...
Searching for documented defines...
Computing class inheritance relations...
Computing class usage relations...
Flushing cached template relations that have become invalid...
Creating members for template instances...
Computing class relations...
Add enum values to enums...
Searching for member function documentation...
Building page list...
Search for main page...
Computing page relations...
Determining the scope of groups...
Sorting lists...
Freeing entry tree
Determining which enums are documented
Computing member relations...
Building full member lists recursively...
Adding members to member groups.
Computing member references...
Inheriting documentation...
Generating disk names...
Adding source references...
Adding xrefitems...
Sorting member lists...
Computing dependencies between directories...
Generating citations page...
Counting data structures...
Resolving user defined references...
Finding anchors and sections in the documentation...
Combining using relations...
Adding members to index pages...
Generating style sheet...
Generating search indices...
Generating example documentation...
Generating file sources...
Genera/home/travis/build/algdat/blatt-2-sudoku07-1/include/gameboard.h:44: warning: Member Gameboard(int size) (function) of class Gameboard is not documented.
/home/travis/build/algdat/blatt-2-sudoku07-1/include/move.h:25: warning: Member Move(int column, int row, int value) (function) of class Move is not documented.
/home/travis/build/algdat/blatt-2-sudoku07-1/include/solver.h:25: warning: Member Solver(Gameboard *gameboard) (function) of class Solver is not documented.
ting code for file /home/travis/build/algdat/blatt-2-sudoku07-1/include/board-initializer.h...
Generating code for file /home/travis/build/algdat/blatt-2-sudoku07-1/include/gameboard.h...
Generating code for file /home/travis/build/algdat/blatt-2-sudoku07-1/include/generator.h...
Generating code for file /home/travis/build/algdat/blatt-2-sudoku07-1/include/move.h...
Generating code for file /home/travis/build/algdat/blatt-2-sudoku07-1/include/solver.h...
Generating code for file /home/travis/build/algdat/blatt-2-sudoku07-1/include/util.h...
Generating file documentation...
Generating docs for file /home/travis/build/algdat/blatt-2-sudoku07-1/include/board-initializer.h...
Generating docs for file /home/travis/build/algdat/blatt-2-sudoku07-1/include/gameboard.h...
Generating docs for file /home/travis/build/algdat/blatt-2-sudoku07-1/include/generator.h...
Generating docs for file /home/travis/build/algdat/blatt-2-sudoku07-1/include/move.h...
Generating docs for file /home/travis/build/algdat/blatt-2-sudoku07-1/include/solver.h...
Generating page documentation...
Generating group documentation...
Generating class documentation...
Generating docs for compound BoardInitializer...
Generating docs for compound directory_not_found_exception...
Generating docs for compound env_not_set_exception...
Generating docs for compound file_not_found_exception...
Generating docs for compound Gameboard...
Generating docs for compound Generator...
Generating docs for compound Move...
Generating docs for compound Solver...
Generating namespace index...
Generating graph info page...
Generating directory documentation...
Generating index page...
Generating page index...
Generating module index...
Generating namespace index...
Generating namespace member index...
Generating annotated compound index...
Generating alphabetical compound index...
Generating hierarchical class index...
Generating member index...
Generating file index...
Generating file member index...
Generating example index...
finalizing index lists...
lookup cache used 57/65536 hits=248 misses=58
finished...
